2025-10-25 12:07:39,410 - INFO - 🚀 DÉBUT DU NETTOYAGE DES DONNÉES LUMEN
2025-10-25 12:07:39,410 - INFO - ==================================================
2025-10-25 12:07:39,410 - INFO - 🦠 Nettoyage des données data.gouv.fr...
2025-10-25 12:07:39,411 - INFO -   Traitement: medicaments_pharmacie.json
2025-10-25 12:07:39,416 - INFO -     ✅ 5 lignes nettoyées
2025-10-25 12:07:39,416 - INFO -   Traitement: summary.json
2025-10-25 12:07:39,416 - INFO -     ⚠️ Format non reconnu: summary.json
2025-10-25 12:07:39,416 - INFO -   Traitement: absenteisme_dares.json
2025-10-25 12:07:39,417 - INFO -     ⚠️ DataFrame vide: absenteisme_dares.json
2025-10-25 12:07:39,417 - INFO -   Traitement: sos_medecins_spf.json
2025-10-25 12:07:39,424 - INFO -     ✅ 3 lignes nettoyées
2025-10-25 12:07:39,424 - INFO -   Traitement: urgences.json
2025-10-25 12:07:39,427 - INFO -     ✅ 5 lignes nettoyées
2025-10-25 12:07:39,427 - INFO -   Traitement: arret_maladie.json
2025-10-25 12:07:39,430 - INFO -     ✅ 2 lignes nettoyées
2025-10-25 12:07:39,430 - INFO -   Traitement: ansm_paracetamol.json
2025-10-25 12:07:39,431 - INFO -     ⚠️ DataFrame vide: ansm_paracetamol.json
2025-10-25 12:07:39,431 - INFO -   Traitement: dares_arrêt_maladie.json
2025-10-25 12:07:39,433 - INFO -     ✅ 2 lignes nettoyées
2025-10-25 12:07:39,434 - INFO -   Traitement: wikipedia_santé_grippe.json
2025-10-25 12:07:39,434 - INFO -     ⚠️ DataFrame vide: wikipedia_santé_grippe.json
2025-10-25 12:07:39,434 - INFO -   Traitement: stock_vaccin_grippe.json
2025-10-25 12:07:39,435 - INFO -     ⚠️ DataFrame vide: stock_vaccin_grippe.json
2025-10-25 12:07:39,435 - INFO -   Traitement: grippe_syndromes_grippaux_spf.json
2025-10-25 12:07:39,435 - INFO -     ⚠️ DataFrame vide: grippe_syndromes_grippaux_spf.json
2025-10-25 12:07:39,435 - INFO -   Traitement: syndromes_grippaux_spf.json
2025-10-25 12:07:39,437 - INFO -     ✅ 1 lignes nettoyées
2025-10-25 12:07:39,437 - INFO -   Traitement: pharmacies_officines.json
2025-10-25 12:07:39,437 - INFO -     ⚠️ DataFrame vide: pharmacies_officines.json
2025-10-25 12:07:39,437 - INFO -   Traitement: capacite_hospitaliere.json
2025-10-25 12:07:39,438 - INFO -     ⚠️ DataFrame vide: capacite_hospitaliere.json
2025-10-25 12:07:39,438 - INFO -   Traitement: arrêt_maladie_cnam.json
2025-10-25 12:07:39,438 - INFO -     ⚠️ DataFrame vide: arrêt_maladie_cnam.json
2025-10-25 12:07:39,438 - INFO -   Traitement: oscour_urgences.json
2025-10-25 12:07:39,438 - INFO -     ⚠️ DataFrame vide: oscour_urgences.json
2025-10-25 12:07:39,438 - INFO -   Traitement: insee_population_région.json
2025-10-25 12:07:39,440 - INFO -     ✅ 2 lignes nettoyées
2025-10-25 12:07:39,440 - INFO -   Traitement: vaccination_grippe.json
2025-10-25 12:07:39,444 - INFO -     ✅ 7 lignes nettoyées
2025-10-25 12:07:39,444 - INFO -   Traitement: medicaments_medicament.json
2025-10-25 12:07:39,447 - INFO -     ✅ 5 lignes nettoyées
2025-10-25 12:07:39,447 - INFO -   Traitement: twitter_santé_grippe.json
2025-10-25 12:07:39,447 - INFO -     ⚠️ DataFrame vide: twitter_santé_grippe.json
2025-10-25 12:07:39,447 - INFO -   Traitement: météo_france_température_humidité.json
2025-10-25 12:07:39,448 - INFO -     ⚠️ DataFrame vide: météo_france_température_humidité.json
2025-10-25 12:07:39,448 - INFO -   Traitement: donnees_hospitalieres.json
2025-10-25 12:07:39,450 - INFO -     ✅ 5 lignes nettoyées
2025-10-25 12:07:39,450 - INFO -   Traitement: drees_donnees_hospitalières.json
2025-10-25 12:07:39,454 - INFO -     ✅ 5 lignes nettoyées
2025-10-25 12:07:39,454 - INFO -   Traitement: dares_dares.json
2025-10-25 12:07:39,456 - INFO -     ✅ 3 lignes nettoyées
2025-10-25 12:07:39,456 - INFO -   Traitement: hopitaux_urgences.json
2025-10-25 12:07:39,456 - INFO -     ⚠️ DataFrame vide: hopitaux_urgences.json
2025-10-25 12:07:39,457 - INFO -   Traitement: oscour_urgences_grippe.json
2025-10-25 12:07:39,457 - INFO -     ⚠️ DataFrame vide: oscour_urgences_grippe.json
2025-10-25 12:07:39,457 - INFO -   Traitement: travail_sante.json
2025-10-25 12:07:39,459 - INFO -     ✅ 5 lignes nettoyées
2025-10-25 12:07:39,459 - INFO -   Traitement: syndromes_grippaux.json
2025-10-25 12:07:39,460 - INFO -     ⚠️ DataFrame vide: syndromes_grippaux.json
2025-10-25 12:07:39,460 - INFO -   Traitement: drees_etablissements_hospitaliers.json
2025-10-25 12:07:39,462 - INFO -     ✅ 4 lignes nettoyées
2025-10-25 12:07:39,462 - INFO -   Traitement: vaccins_vaccin_grippe.json
2025-10-25 12:07:39,466 - INFO -     ✅ 5 lignes nettoyées
2025-10-25 12:07:39,466 - INFO -   Traitement: stock_vaccin.json
2025-10-25 12:07:39,466 - INFO -     ⚠️ DataFrame vide: stock_vaccin.json
2025-10-25 12:07:39,466 - INFO -   Traitement: absentéisme_maladie_dares.json
2025-10-25 12:07:39,467 - INFO -     ⚠️ DataFrame vide: absentéisme_maladie_dares.json
2025-10-25 12:07:39,467 - INFO -   Traitement: medicaments_automedication.json
2025-10-25 12:07:39,468 - INFO -     ✅ 1 lignes nettoyées
2025-10-25 12:07:39,468 - INFO -   Traitement: mobilite.json
2025-10-25 12:07:39,470 - INFO -     ✅ 3 lignes nettoyées
2025-10-25 12:07:39,470 - INFO -   Traitement: dares_travail_sante.json
2025-10-25 12:07:39,472 - INFO -     ✅ 5 lignes nettoyées
2025-10-25 12:07:39,472 - INFO -   Traitement: meteo_france.json
2025-10-25 12:07:39,473 - INFO -     ⚠️ DataFrame vide: meteo_france.json
2025-10-25 12:07:39,473 - INFO -   Traitement: dares_sante_travail.json
2025-10-25 12:07:39,475 - INFO -     ✅ 5 lignes nettoyées
2025-10-25 12:07:39,475 - INFO -   Traitement: medicament_general.json
2025-10-25 12:07:39,477 - INFO -     ✅ 5 lignes nettoyées
2025-10-25 12:07:39,477 - INFO -   Traitement: population_insee.json
2025-10-25 12:07:39,478 - INFO -     ✅ 2 lignes nettoyées
2025-10-25 12:07:39,478 - INFO -   Traitement: passages_urgences_spf.json
2025-10-25 12:07:39,480 - INFO -     ✅ 1 lignes nettoyées
2025-10-25 12:07:39,480 - INFO -   Traitement: vaccins_vaccination_grippe.json
2025-10-25 12:07:39,482 - INFO -     ✅ 5 lignes nettoyées
2025-10-25 12:07:39,483 - INFO -   Traitement: drees_drees.json
2025-10-25 12:07:39,484 - INFO -     ✅ 2 lignes nettoyées
2025-10-25 12:07:39,484 - INFO -   Traitement: ansm_ansm.json
2025-10-25 12:07:39,486 - INFO -     ✅ 2 lignes nettoyées
2025-10-25 12:07:39,486 - INFO -   Traitement: paracetamol_consommation_medicament.json
2025-10-25 12:07:39,487 - INFO -     ✅ 1 lignes nettoyées
2025-10-25 12:07:39,487 - INFO -   Traitement: capacité_hospitalière_lits_hôpital.json
2025-10-25 12:07:39,487 - INFO -     ⚠️ DataFrame vide: capacité_hospitalière_lits_hôpital.json
2025-10-25 12:07:39,487 - INFO -   Traitement: ansm_depenses_medicaments.json
2025-10-25 12:07:39,489 - INFO -     ✅ 1 lignes nettoyées
2025-10-25 12:07:39,489 - INFO -   Traitement: mobilité_domicile_travail.json
2025-10-25 12:07:39,491 - INFO -     ✅ 3 lignes nettoyées
2025-10-25 12:07:39,491 - INFO -   Traitement: ansm_ventes_paracetamol_grippe.json
2025-10-25 12:07:39,491 - INFO -     ⚠️ DataFrame vide: ansm_ventes_paracetamol_grippe.json
2025-10-25 12:07:39,492 - INFO -   Traitement: arret_maladie_cnam.json
2025-10-25 12:07:39,492 - INFO -     ⚠️ DataFrame vide: arret_maladie_cnam.json
2025-10-25 12:07:39,492 - INFO -   Traitement: pharmacie_generale.json
2025-10-25 12:07:39,494 - INFO -     ✅ 5 lignes nettoyées
2025-10-25 12:07:39,494 - INFO -   Traitement: dares_conditions_travail.json
2025-10-25 12:07:39,495 - INFO -     ✅ 4 lignes nettoyées
2025-10-25 12:07:39,495 - INFO -   Traitement: twitter_sante.json
2025-10-25 12:07:39,496 - INFO -     ⚠️ DataFrame vide: twitter_sante.json
2025-10-25 12:07:39,496 - INFO -   Traitement: ansm_open_medic.json
2025-10-25 12:07:39,501 - INFO -     ✅ 4 lignes nettoyées
2025-10-25 12:07:39,501 - INFO -   Traitement: wikipedia_sante.json
2025-10-25 12:07:39,501 - INFO -     ⚠️ DataFrame vide: wikipedia_sante.json
2025-10-25 12:07:39,501 - INFO -   Traitement: ansm_agence_nationale_securite_medicament.json
2025-10-25 12:07:39,502 - INFO -     ✅ 1 lignes nettoyées
2025-10-25 12:07:39,503 - INFO -   Traitement: pharmacies_officines_france.json
2025-10-25 12:07:39,503 - INFO -     ⚠️ DataFrame vide: pharmacies_officines_france.json
2025-10-25 12:07:39,504 - INFO - ✅ Total data.gouv.fr: 109 lignes
2025-10-25 12:07:39,523 - INFO - ✅ Sauvegardé: data_gouv_fr_clean.parquet (109 lignes, 5.9 KB)
2025-10-25 12:07:39,523 - INFO - 🌦️ Nettoyage des données météo...
2025-10-25 12:07:39,685 - INFO - ✅ Données météo: 845 lignes
2025-10-25 12:07:39,687 - INFO - ✅ Sauvegardé: weather_clean.parquet (845 lignes, 7.7 KB)
2025-10-25 12:07:39,688 - INFO - 🧠 Nettoyage des données Wikipedia...
2025-10-25 12:07:39,688 - INFO - ✅ Données Wikipedia: 22 lignes
2025-10-25 12:07:39,689 - INFO - ✅ Sauvegardé: wikipedia_clean.parquet (22 lignes, 4.9 KB)
2025-10-25 12:07:39,689 - INFO - 🔄 Fusion des données nettoyées...
2025-10-25 12:07:39,691 - INFO - ✅ Sauvegardé: lumen_merged_clean.parquet (976 lignes, 9.8 KB)
2025-10-25 12:07:39,691 - INFO - ==================================================
2025-10-25 12:07:39,692 - INFO - ✅ NETTOYAGE TERMINÉ AVEC SUCCÈS
2025-10-25 12:07:39,692 - INFO - 📊 Total lignes: 976
2025-10-25 12:07:39,692 - INFO - 📊 Colonnes: ['date', 'region', 'departement', 'valeur', 'type_donnee', 'source', 'unite']
2025-10-25 12:07:39,693 - INFO - 📊 Sources: {'open_meteo': 845, 'data_gouv_fr': 109, 'wikipedia': 22}
2025-10-25 12:07:39,693 - INFO - 📊 Types: {'temperature_hourly': 840, 'wikipedia_summary_length': 11, 'wikipedia_content_length': 11, 'vaccination_grippe': 7, 'travail_sante': 5, 'temperature': 5, 'pharmacie_generale': 5, 'vaccins_vaccination_grippe': 5, 'medicament_general': 5, 'dares_travail_sante': 5, 'vaccins_vaccin_grippe': 5, 'medicaments_pharmacie': 5, 'dares_sante_travail': 5, 'drees_donnees_hospitalières': 5, 'urgences': 5, 'donnees_hospitalieres': 5, 'medicaments_medicament': 5, 'drees_etablissements_hospitaliers': 4, 'ansm_open_medic': 4, 'dares_conditions_travail': 4, 'mobilité_domicile_travail': 3, 'dares_dares': 3, 'sos_medecins_spf': 3, 'mobilite': 3, 'insee_population_région': 2, 'drees_drees': 2, 'population_insee': 2, 'dares_arrêt_maladie': 2, 'arret_maladie': 2, 'ansm_ansm': 2, 'passages_urgences_spf': 1, 'paracetamol_consommation_medicament': 1, 'ansm_depenses_medicaments': 1, 'syndromes_grippaux_spf': 1, 'ansm_agence_nationale_securite_medicament': 1, 'medicaments_automedication': 1}
